# JRE version: OpenJDK Runtime Environment (7.0_55-b14) (build 1.7.0_55-b14)
# Java VM: OpenJDK 64-Bit Server VM (24.51-b03 mixed mode linux-amd64 compressed oops)
Heap
 PSYoungGen      total 221184K, used 64480K [0x00000000e0400000, 0x00000000f2980000, 0x0000000100000000)
  eden space 156672K, 0% used [0x00000000e0400000,0x00000000e0400000,0x00000000e9d00000)
  from space 64512K, 99% used [0x00000000eea80000,0x00000000f2978020,0x00000000f2980000)
  to   space 44544K, 0% used [0x00000000e9d00000,0x00000000e9d00000,0x00000000ec880000)
 ParOldGen       total 265728K, used 191280K [0x00000000a0c00000, 0x00000000b0f80000, 0x00000000e0400000)
  object space 265728K, 71% used [0x00000000a0c00000,0x00000000ac6cc220,0x00000000b0f80000)
 PSPermGen       total 96256K, used 44779K [0x0000000096600000, 0x000000009c400000, 0x00000000a0c00000)
  object space 96256K, 46% used [0x0000000096600000,0x00000000991bafe8,0x000000009c400000)
GC Heap History (10 events):
Event: 113,414 GC heap after
Heap after GC invocations=12 (full 1):
 PSYoungGen      total 119296K, used 1518K [0x00000000e0400000, 0x00000000ee400000, 0x0000000100000000)
  eden space 110080K, 0% used [0x00000000e0400000,0x00000000e0400000,0x00000000e6f80000)
  from space 9216K, 16% used [0x00000000e6f80000,0x00000000e70fbb18,0x00000000e7880000)
  to   space 28160K, 0% used [0x00000000ec880000,0x00000000ec880000,0x00000000ee400000)
 ParOldGen       total 108032K, used 66130K [0x00000000a0c00000, 0x00000000a7580000, 0x00000000e0400000)
  object space 108032K, 61% used [0x00000000a0c00000,0x00000000a4c94850,0x00000000a7580000)
 PSPermGen       total 88576K, used 44035K [0x0000000096600000, 0x000000009bc80000, 0x00000000a0c00000)
  object space 88576K, 49% used [0x0000000096600000,0x0000000099100d50,0x000000009bc80000)
}
Event: 114,088 GC heap before
{Heap before GC invocations=13 (full 1):
 PSYoungGen      total 119296K, used 111598K [0x00000000e0400000, 0x00000000ee400000, 0x0000000100000000)
  eden space 110080K, 100% used [0x00000000e0400000,0x00000000e6f80000,0x00000000e6f80000)
  from space 9216K, 16% used [0x00000000e6f80000,0x00000000e70fbb18,0x00000000e7880000)
  to   space 28160K, 0% used [0x00000000ec880000,0x00000000ec880000,0x00000000ee400000)
 ParOldGen       total 108032K, used 66130K [0x00000000a0c00000, 0x00000000a7580000, 0x00000000e0400000)
  object space 108032K, 61% used [0x00000000a0c00000,0x00000000a4c94850,0x00000000a7580000)
 PSPermGen       total 88576K, used 44035K [0x0000000096600000, 0x000000009bc80000, 0x00000000a0c00000)
  object space 88576K, 49% used [0x0000000096600000,0x0000000099100d50,0x000000009bc80000)
Event: 114,643 GC heap after
Heap after GC invocations=13 (full 1):
 PSYoungGen      total 184832K, used 28128K [0x00000000e0400000, 0x00000000ef880000, 0x0000000100000000)
  eden space 156672K, 0% used [0x00000000e0400000,0x00000000e0400000,0x00000000e9d00000)
  from space 28160K, 99% used [0x00000000ec880000,0x00000000ee3f8020,0x00000000ee400000)
  to   space 44544K, 0% used [0x00000000e9d00000,0x00000000e9d00000,0x00000000ec880000)
 ParOldGen       total 108032K, used 96522K [0x00000000a0c00000, 0x00000000a7580000, 0x00000000e0400000)
  object space 108032K, 89% used [0x00000000a0c00000,0x00000000a6a42860,0x00000000a7580000)
 PSPermGen       total 88576K, used 44035K [0x0000000096600000, 0x000000009bc80000, 0x00000000a0c00000)
  object space 88576K, 49% used [0x0000000096600000,0x0000000099100d50,0x000000009bc80000)
}
Event: 114,643 GC heap before
{Heap before GC invocations=14 (full 2):
 PSYoungGen      total 184832K, used 28128K [0x00000000e0400000, 0x00000000ef880000, 0x0000000100000000)
  eden space 156672K, 0% used [0x00000000e0400000,0x00000000e0400000,0x00000000e9d00000)
  from space 28160K, 99% used [0x00000000ec880000,0x00000000ee3f8020,0x00000000ee400000)
  to   space 44544K, 0% used [0x00000000e9d00000,0x00000000e9d00000,0x00000000ec880000)
 ParOldGen       total 108032K, used 96522K [0x00000000a0c00000, 0x00000000a7580000, 0x00000000e0400000)
  object space 108032K, 89% used [0x00000000a0c00000,0x00000000a6a42860,0x00000000a7580000)
 PSPermGen       total 88576K, used 44035K [0x0000000096600000, 0x000000009bc80000, 0x00000000a0c00000)
  object space 88576K, 49% used [0x0000000096600000,0x0000000099100d50,0x000000009bc80000)
Event: 117,312 GC heap after
Heap after GC invocations=14 (full 2):
 PSYoungGen      total 184832K, used 9176K [0x00000000e0400000, 0x00000000ef880000, 0x0000000100000000)
  eden space 156672K, 0% used [0x00000000e0400000,0x00000000e0400000,0x00000000e9d00000)
  from space 28160K, 32% used [0x00000000ec880000,0x00000000ed176080,0x00000000ee400000)
  to   space 44544K, 0% used [0x00000000e9d00000,0x00000000e9d00000,0x00000000ec880000)
 ParOldGen       total 174592K, used 107962K [0x00000000a0c00000, 0x00000000ab680000, 0x00000000e0400000)
  object space 174592K, 61% used [0x00000000a0c00000,0x00000000a756ea48,0x00000000ab680000)
 PSPermGen       total 99328K, used 44035K [0x0000000096600000, 0x000000009c700000, 0x00000000a0c00000)
  object space 99328K, 44% used [0x0000000096600000,0x0000000099100d50,0x000000009c700000)
}
Event: 125,826 GC heap before
{Heap before GC invocations=15 (full 2):
 PSYoungGen      total 184832K, used 165848K [0x00000000e0400000, 0x00000000ef880000, 0x0000000100000000)
  eden space 156672K, 100% used [0x00000000e0400000,0x00000000e9d00000,0x00000000e9d00000)
  from space 28160K, 32% used [0x00000000ec880000,0x00000000ed176080,0x00000000ee400000)
  to   space 44544K, 0% used [0x00000000e9d00000,0x00000000e9d00000,0x00000000ec880000)
 ParOldGen       total 174592K, used 107962K [0x00000000a0c00000, 0x00000000ab680000, 0x00000000e0400000)
  object space 174592K, 61% used [0x00000000a0c00000,0x00000000a756ea48,0x00000000ab680000)
 PSPermGen       total 99328K, used 44779K [0x0000000096600000, 0x000000009c700000, 0x00000000a0c00000)
  object space 99328K, 45% used [0x0000000096600000,0x00000000991baea8,0x000000009c700000)
Event: 126,584 GC heap after
Heap after GC invocations=15 (full 2):
 PSYoungGen      total 201216K, used 44525K [0x00000000e0400000, 0x00000000f2980000, 0x0000000100000000)
  eden space 156672K, 0% used [0x00000000e0400000,0x00000000e0400000,0x00000000e9d00000)
  from space 44544K, 99% used [0x00000000e9d00000,0x00000000ec87b5b8,0x00000000ec880000)
  to   space 64512K, 0% used [0x00000000eea80000,0x00000000eea80000,0x00000000f2980000)
 ParOldGen       total 174592K, used 141268K [0x00000000a0c00000, 0x00000000ab680000, 0x00000000e0400000)
  object space 174592K, 80% used [0x00000000a0c00000,0x00000000a95f5360,0x00000000ab680000)
 PSPermGen       total 99328K, used 44779K [0x0000000096600000, 0x000000009c700000, 0x00000000a0c00000)
  object space 99328K, 45% used [0x0000000096600000,0x00000000991baea8,0x000000009c700000)
}
Event: 126,584 GC heap before
{Heap before GC invocations=16 (full 3):
 PSYoungGen      total 201216K, used 44525K [0x00000000e0400000, 0x00000000f2980000, 0x0000000100000000)
  eden space 156672K, 0% used [0x00000000e0400000,0x00000000e0400000,0x00000000e9d00000)
  from space 44544K, 99% used [0x00000000e9d00000,0x00000000ec87b5b8,0x00000000ec880000)
  to   space 64512K, 0% used [0x00000000eea80000,0x00000000eea80000,0x00000000f2980000)
 ParOldGen       total 174592K, used 141268K [0x00000000a0c00000, 0x00000000ab680000, 0x00000000e0400000)
  object space 174592K, 80% used [0x00000000a0c00000,0x00000000a95f5360,0x00000000ab680000)
 PSPermGen       total 99328K, used 44779K [0x0000000096600000, 0x000000009c700000, 0x00000000a0c00000)
  object space 99328K, 45% used [0x0000000096600000,0x00000000991baea8,0x000000009c700000)
Event: 129,901 GC heap after
Heap after GC invocations=16 (full 3):
 PSYoungGen      total 201216K, used 0K [0x00000000e0400000, 0x00000000f2980000, 0x0000000100000000)
  eden space 156672K, 0% used [0x00000000e0400000,0x00000000e0400000,0x00000000e9d00000)
  from space 44544K, 0% used [0x00000000e9d00000,0x00000000e9d00000,0x00000000ec880000)
  to   space 64512K, 0% used [0x00000000eea80000,0x00000000eea80000,0x00000000f2980000)
 ParOldGen       total 265728K, used 172904K [0x00000000a0c00000, 0x00000000b0f80000, 0x00000000e0400000)
  object space 265728K, 65% used [0x00000000a0c00000,0x00000000ab4da210,0x00000000b0f80000)
 PSPermGen       total 96256K, used 44779K [0x0000000096600000, 0x000000009c400000, 0x00000000a0c00000)
  object space 96256K, 46% used [0x0000000096600000,0x00000000991bad60,0x000000009c400000)
}
Event: 134,631 GC heap before
{Heap before GC invocations=17 (full 3):
 PSYoungGen      total 201216K, used 156672K [0x00000000e0400000, 0x00000000f2980000, 0x0000000100000000)
  eden space 156672K, 100% used [0x00000000e0400000,0x00000000e9d00000,0x00000000e9d00000)
  from space 44544K, 0% used [0x00000000e9d00000,0x00000000e9d00000,0x00000000ec880000)
  to   space 64512K, 0% used [0x00000000eea80000,0x00000000eea80000,0x00000000f2980000)
 ParOldGen       total 265728K, used 172904K [0x00000000a0c00000, 0x00000000b0f80000, 0x00000000e0400000)
  object space 265728K, 65% used [0x00000000a0c00000,0x00000000ab4da210,0x00000000b0f80000)
 PSPermGen       total 96256K, used 44779K [0x0000000096600000, 0x000000009c400000, 0x00000000a0c00000)
  object space 96256K, 46% used [0x0000000096600000,0x00000000991bafe8,0x000000009c400000)

